STEP to UG
! INFO-     NX STEP AP203 - V11.0
! INFO-      
! INFO-     Start of Translation: 6-SEP-2017  8:01:07 PM
! INFO-      
! STATUS-   Converting Part: C:\Users\Patrick\Documents\Ana\Mario Tube\CAD\Shelf Extras\ikea-table-lamp-klabb-1.snapshot.1\Lamp - IKEA Klabb (S).STEP
! SUMMARY-   
! SUMMARY-    STEP Header Information
! SUMMARY-   
! SUMMARY-  Description      STEP AP214
! SUMMARY-  Imp_Level        1
! SUMMARY-  File_Name        Lamp - IKEA Klabb (S).STEP
! SUMMARY-  Date             2016-09-25T08:48:47
! SUMMARY-  Author           Unknown
! SUMMARY-  Organization     Unknown
! SUMMARY-  Pre_Version      SwSTEP 2.0
! SUMMARY-  Orig_System      SolidWorks 2015
! SUMMARY-  Authorization    Unknown
! SUMMARY-  Schema_ID        automotive_design
! SUMMARY-   
! SUMMARY-    Summary of STEP Entities
! SUMMARY-   
! SUMMARY-  Entity Type                                                   Count
! SUMMARY-  -----------                                                   ------
! SUMMARY-  advanced_brep_shape_representation .........................:      1
! SUMMARY-  advanced_face ..............................................:    268
! SUMMARY-  application_context ........................................:      2
! SUMMARY-  application_protocol_definition ............................:      2
! SUMMARY-  axis2_placement_3d .........................................:    579
! SUMMARY-  b_spline_curve_with_knots ..................................:     12
! SUMMARY-  b_spline_curve_with_knots_and_rational_b_spline_curve ......:     40
! SUMMARY-  cartesian_point ............................................:   1514
! SUMMARY-  circle .....................................................:    310
! SUMMARY-  closed_shell ...............................................:      6
! SUMMARY-  conical_surface ............................................:      8
! SUMMARY-  cylindrical_surface ........................................:    119
! SUMMARY-  direction ..................................................:   1416
! SUMMARY-  edge_curve .................................................:    620
! SUMMARY-  edge_loop ..................................................:    281
! SUMMARY-  face_bound .................................................:     13
! SUMMARY-  face_outer_bound ...........................................:    268
! SUMMARY-  geometric_representation_context_and_global_uncertainty_a ..:    109
! SUMMARY-  length_unit_and_si_unit ....................................:    109
! SUMMARY-  line .......................................................:    258
! SUMMARY-  manifold_solid_brep ........................................:      6
! SUMMARY-  oriented_edge ..............................................:   1240
! SUMMARY-  plane ......................................................:     63
! SUMMARY-  plane_angle_unit_and_si_unit ...............................:    109
! SUMMARY-  product ....................................................:      1
! SUMMARY-  product_context ............................................:      1
! SUMMARY-  product_definition .........................................:      1
! SUMMARY-  product_definition_context .................................:      1
! SUMMARY-  product_definition_formation_with_specified_source .........:      1
! SUMMARY-  product_definition_shape ...................................:      1
! SUMMARY-  product_related_product_category ...........................:      1
! SUMMARY-  shape_definition_representation ............................:      1
! SUMMARY-  si_unit_and_solid_angle_unit ...............................:    109
! SUMMARY-  spherical_surface ..........................................:     24
! SUMMARY-  toroidal_surface ...........................................:     54
! SUMMARY-  uncertainty_measure_with_unit ..............................:    109
! SUMMARY-  vector .....................................................:    258
! SUMMARY-  vertex_point ...............................................:    363
! SUMMARY-                                                               -------
! SUMMARY-  Total                                                           8278
! STATUS-    
! STATUS-   Converting to Output Form (Phase 2 of 3): 6-SEP-2017 8:01:07 PM
! STATUS-    
! STATUS-    
! STATUS-   Generating UG geometry and placing them in parts
! STATUS-    
! STATUS-   Creating the UG part (Phase 3 of 3): 6-SEP-2017  8:01:08 PM
! STATUS-    
! STATUS-   Creating UG solid body from Input Ent Id 4903
! STATUS-    
! STATUS-   simplifying Bsplines to analytics
! STATUS-    
! STATUS-   converting tolerant edges into exact edges
! STATUS-    
! STATUS-   doing final check of body to report any faults
! STATUS-    
! STATUS-    
! STATUS-   Creating UG solid body from Input Ent Id 8543
! STATUS-    
! STATUS-   simplifying Bsplines to analytics
! STATUS-    
! STATUS-   converting tolerant edges into exact edges
! STATUS-    
! STATUS-   doing final check of body to report any faults
! STATUS-    
! STATUS-    
! STATUS-   Creating UG solid body from Input Ent Id 1820
! STATUS-    
! STATUS-   fixing vertex and/or edge off surface faults
! STATUS-    
! STATUS-   simplifying Bsplines to analytics
! STATUS-    
! STATUS-   converting tolerant edges into exact edges
! STATUS-    
! STATUS-   doing final check of body to report any faults
! STATUS-    
! STATUS-    
! STATUS-   Creating UG solid body from Input Ent Id 7864
! STATUS-    
! STATUS-   simplifying Bsplines to analytics
! STATUS-    
! STATUS-   converting tolerant edges into exact edges
! STATUS-    
! STATUS-   doing final check of body to report any faults
! STATUS-    
! STATUS-    
! STATUS-   Creating UG solid body from Input Ent Id 3198
! STATUS-    
! STATUS-   simplifying Bsplines to analytics
! STATUS-    
! STATUS-   converting tolerant edges into exact edges
! STATUS-    
! STATUS-   doing final check of body to report any faults
! STATUS-    
! STATUS-    
! STATUS-   Creating UG solid body from Input Ent Id 6167
! STATUS-    
! STATUS-   fixing vertex and/or edge off surface faults
! STATUS-    
! STATUS-   simplifying Bsplines to analytics
! STATUS-    
! STATUS-   converting tolerant edges into exact edges
! STATUS-    
! STATUS-   doing final check of body to report any faults
! STATUS-    
! INFO-     Filing Part ..: C:\Users\Patrick\Documents\Ana\Mario Tube\CAD\Shelf Extras\ikea-table-lamp-klabb-1.snapshot.1\Lamp - IKEA Klabb _S__step.prt
! SUMMARY-   
! SUMMARY-  Summary of Unigraphics Part Entities
! SUMMARY-   
! SUMMARY-  Entities Processed             Count
! SUMMARY-  ------------------             -----
! SUMMARY-  Solid .......................:     6
! SUMMARY-                                 -----
! SUMMARY-  Total                              6
! INFO-      
! INFO-     Total number of solids input for this translation       :         6
! INFO-      
! INFO-     Number of solids created without body validation faults :         6
! INFO-      
! INFO-     Number of solids created with body validation fault(s)  :         0
! INFO-      
! INFO-     Number of solids ending up as sheet bodies              :         0
! INFO-      
! INFO-     End of Translation: 6-SEP-2017  8:01:09 PM
! INFO-      
